{"H:\\Productzilla\\24\\pertemuan-23\\src\\models\\Book.ts": {"path":"H:\\Productzilla\\24\\pertemuan-23\\src\\models\\Book.ts","statementMap":{"0":{"start":{"line":1,"column":0},"end":{"line":1,"column":44}},"1":{"start":{"line":4,"column":19},"end":{"line":33,"column":2}},"2":{"start":{"line":27,"column":8},"end":{"line":27,"column":45}},"3":{"start":{"line":35,"column":13},"end":{"line":35,"column":70}}},"fnMap":{"0":{"name":"(anonymous_6)","decl":{"start":{"line":26,"column":17},"end":{"line":26,"column":26}},"loc":{"start":{"line":26,"column":35},"end":{"line":28,"column":7}}}},"branchMap":{},"s":{"0":1,"1":1,"2":21,"3":1},"f":{"0":21},"b":{}}
,"H:\\Productzilla\\24\\pertemuan-23\\src\\service\\bookService.ts": {"path":"H:\\Productzilla\\24\\pertemuan-23\\src\\service\\bookService.ts","statementMap":{"0":{"start":{"line":2,"column":0},"end":{"line":2,"column":32}},"1":{"start":{"line":3,"column":0},"end":{"line":3,"column":38}},"2":{"start":{"line":5,"column":0},"end":{"line":5,"column":43}},"3":{"start":{"line":9,"column":4},"end":{"line":20,"column":5}},"4":{"start":{"line":10,"column":19},"end":{"line":10,"column":37}},"5":{"start":{"line":11,"column":24},"end":{"line":11,"column":41}},"6":{"start":{"line":12,"column":6},"end":{"line":12,"column":23}},"7":{"start":{"line":14,"column":6},"end":{"line":16,"column":7}},"8":{"start":{"line":15,"column":8},"end":{"line":15,"column":42}},"9":{"start":{"line":17,"column":6},"end":{"line":17,"column":51}},"10":{"start":{"line":18,"column":6},"end":{"line":18,"column":18}},"11":{"start":{"line":24,"column":4},"end":{"line":32,"column":5}},"12":{"start":{"line":25,"column":20},"end":{"line":27,"column":15}},"13":{"start":{"line":28,"column":6},"end":{"line":28,"column":19}},"14":{"start":{"line":30,"column":6},"end":{"line":30,"column":51}},"15":{"start":{"line":31,"column":6},"end":{"line":31,"column":16}},"16":{"start":{"line":36,"column":4},"end":{"line":49,"column":5}},"17":{"start":{"line":37,"column":6},"end":{"line":39,"column":7}},"18":{"start":{"line":38,"column":8},"end":{"line":38,"column":45}},"19":{"start":{"line":41,"column":19},"end":{"line":41,"column":49}},"20":{"start":{"line":42,"column":6},"end":{"line":42,"column":18}},"21":{"start":{"line":44,"column":6},"end":{"line":46,"column":7}},"22":{"start":{"line":45,"column":8},"end":{"line":45,"column":20}},"23":{"start":{"line":47,"column":6},"end":{"line":47,"column":56}},"24":{"start":{"line":48,"column":6},"end":{"line":48,"column":18}},"25":{"start":{"line":53,"column":4},"end":{"line":75,"column":5}},"26":{"start":{"line":54,"column":6},"end":{"line":56,"column":7}},"27":{"start":{"line":55,"column":8},"end":{"line":55,"column":45}},"28":{"start":{"line":58,"column":22},"end":{"line":65,"column":null}},"29":{"start":{"line":68,"column":6},"end":{"line":68,"column":21}},"30":{"start":{"line":70,"column":6},"end":{"line":72,"column":7}},"31":{"start":{"line":71,"column":8},"end":{"line":71,"column":20}},"32":{"start":{"line":73,"column":6},"end":{"line":73,"column":51}},"33":{"start":{"line":74,"column":6},"end":{"line":74,"column":18}},"34":{"start":{"line":79,"column":4},"end":{"line":92,"column":5}},"35":{"start":{"line":80,"column":6},"end":{"line":82,"column":7}},"36":{"start":{"line":81,"column":8},"end":{"line":81,"column":45}},"37":{"start":{"line":84,"column":21},"end":{"line":84,"column":53}},"38":{"start":{"line":85,"column":6},"end":{"line":85,"column":29}},"39":{"start":{"line":87,"column":6},"end":{"line":89,"column":7}},"40":{"start":{"line":88,"column":8},"end":{"line":88,"column":20}},"41":{"start":{"line":90,"column":6},"end":{"line":90,"column":51}},"42":{"start":{"line":91,"column":6},"end":{"line":91,"column":19}},"43":{"start":{"line":96,"column":4},"end":{"line":102,"column":5}},"44":{"start":{"line":97,"column":19},"end":{"line":97,"column":54}},"45":{"start":{"line":98,"column":6},"end":{"line":98,"column":18}},"46":{"start":{"line":100,"column":6},"end":{"line":100,"column":58}},"47":{"start":{"line":101,"column":6},"end":{"line":101,"column":18}},"48":{"start":{"line":106,"column":4},"end":{"line":118,"column":5}},"49":{"start":{"line":107,"column":20},"end":{"line":113,"column":15}},"50":{"start":{"line":114,"column":6},"end":{"line":114,"column":19}},"51":{"start":{"line":116,"column":6},"end":{"line":116,"column":53}},"52":{"start":{"line":117,"column":6},"end":{"line":117,"column":16}},"53":{"start":{"line":123,"column":4},"end":{"line":128,"column":5}},"54":{"start":{"line":124,"column":6},"end":{"line":124,"column":41}},"55":{"start":{"line":126,"column":6},"end":{"line":126,"column":52}},"56":{"start":{"line":127,"column":6},"end":{"line":127,"column":15}},"57":{"start":{"line":132,"column":4},"end":{"line":138,"column":5}},"58":{"start":{"line":133,"column":20},"end":{"line":133,"column":52}},"59":{"start":{"line":134,"column":6},"end":{"line":134,"column":25}},"60":{"start":{"line":136,"column":6},"end":{"line":136,"column":59}},"61":{"start":{"line":137,"column":6},"end":{"line":137,"column":16}},"62":{"start":{"line":142,"column":4},"end":{"line":150,"column":5}},"63":{"start":{"line":143,"column":20},"end":{"line":145,"column":15}},"64":{"start":{"line":146,"column":6},"end":{"line":146,"column":25}},"65":{"start":{"line":148,"column":6},"end":{"line":148,"column":61}},"66":{"start":{"line":149,"column":6},"end":{"line":149,"column":16}},"67":{"start":{"line":7,"column":0},"end":{"line":7,"column":13}}},"fnMap":{"0":{"name":"(anonymous_1)","decl":{"start":{"line":8,"column":2},"end":{"line":8,"column":7}},"loc":{"start":{"line":8,"column":34},"end":{"line":21,"column":3}}},"1":{"name":"(anonymous_2)","decl":{"start":{"line":23,"column":2},"end":{"line":23,"column":7}},"loc":{"start":{"line":23,"column":16},"end":{"line":33,"column":3}}},"2":{"name":"(anonymous_3)","decl":{"start":{"line":35,"column":2},"end":{"line":35,"column":7}},"loc":{"start":{"line":35,"column":30},"end":{"line":50,"column":3}}},"3":{"name":"(anonymous_4)","decl":{"start":{"line":52,"column":2},"end":{"line":52,"column":7}},"loc":{"start":{"line":52,"column":55},"end":{"line":76,"column":3}}},"4":{"name":"(anonymous_5)","decl":{"start":{"line":78,"column":2},"end":{"line":78,"column":7}},"loc":{"start":{"line":78,"column":29},"end":{"line":93,"column":3}}},"5":{"name":"(anonymous_6)","decl":{"start":{"line":95,"column":2},"end":{"line":95,"column":7}},"loc":{"start":{"line":95,"column":31},"end":{"line":103,"column":3}}},"6":{"name":"(anonymous_7)","decl":{"start":{"line":105,"column":2},"end":{"line":105,"column":7}},"loc":{"start":{"line":105,"column":33},"end":{"line":119,"column":3}}},"7":{"name":"(anonymous_8)","decl":{"start":{"line":122,"column":2},"end":{"line":122,"column":7}},"loc":{"start":{"line":122,"column":18},"end":{"line":129,"column":3}}},"8":{"name":"(anonymous_9)","decl":{"start":{"line":131,"column":2},"end":{"line":131,"column":7}},"loc":{"start":{"line":131,"column":31},"end":{"line":139,"column":3}}},"9":{"name":"(anonymous_10)","decl":{"start":{"line":141,"column":2},"end":{"line":141,"column":7}},"loc":{"start":{"line":141,"column":35},"end":{"line":151,"column":3}}}},"branchMap":{"0":{"loc":{"start":{"line":14,"column":6},"end":{"line":16,"column":7}},"type":"if","locations":[{"start":{"line":14,"column":6},"end":{"line":16,"column":7}}]},"1":{"loc":{"start":{"line":14,"column":10},"end":{"line":14,"column":67}},"type":"binary-expr","locations":[{"start":{"line":14,"column":10},"end":{"line":14,"column":43}},{"start":{"line":14,"column":47},"end":{"line":14,"column":67}}]},"2":{"loc":{"start":{"line":37,"column":6},"end":{"line":39,"column":7}},"type":"if","locations":[{"start":{"line":37,"column":6},"end":{"line":39,"column":7}}]},"3":{"loc":{"start":{"line":44,"column":6},"end":{"line":46,"column":7}},"type":"if","locations":[{"start":{"line":44,"column":6},"end":{"line":46,"column":7}}]},"4":{"loc":{"start":{"line":44,"column":10},"end":{"line":44,"column":73}},"type":"binary-expr","locations":[{"start":{"line":44,"column":10},"end":{"line":44,"column":32}},{"start":{"line":44,"column":36},"end":{"line":44,"column":73}}]},"5":{"loc":{"start":{"line":54,"column":6},"end":{"line":56,"column":7}},"type":"if","locations":[{"start":{"line":54,"column":6},"end":{"line":56,"column":7}}]},"6":{"loc":{"start":{"line":70,"column":6},"end":{"line":72,"column":7}},"type":"if","locations":[{"start":{"line":70,"column":6},"end":{"line":72,"column":7}}]},"7":{"loc":{"start":{"line":70,"column":10},"end":{"line":70,"column":73}},"type":"binary-expr","locations":[{"start":{"line":70,"column":10},"end":{"line":70,"column":32}},{"start":{"line":70,"column":36},"end":{"line":70,"column":73}}]},"8":{"loc":{"start":{"line":80,"column":6},"end":{"line":82,"column":7}},"type":"if","locations":[{"start":{"line":80,"column":6},"end":{"line":82,"column":7}}]},"9":{"loc":{"start":{"line":87,"column":6},"end":{"line":89,"column":7}},"type":"if","locations":[{"start":{"line":87,"column":6},"end":{"line":89,"column":7}}]},"10":{"loc":{"start":{"line":87,"column":10},"end":{"line":87,"column":73}},"type":"binary-expr","locations":[{"start":{"line":87,"column":10},"end":{"line":87,"column":32}},{"start":{"line":87,"column":36},"end":{"line":87,"column":73}}]},"11":{"loc":{"start":{"line":134,"column":13},"end":{"line":134,"column":24}},"type":"binary-expr","locations":[{"start":{"line":134,"column":13},"end":{"line":134,"column":18}},{"start":{"line":134,"column":22},"end":{"line":134,"column":24}}]},"12":{"loc":{"start":{"line":146,"column":13},"end":{"line":146,"column":24}},"type":"binary-expr","locations":[{"start":{"line":146,"column":13},"end":{"line":146,"column":18}},{"start":{"line":146,"column":22},"end":{"line":146,"column":24}}]}},"s":{"0":1,"1":1,"2":1,"3":21,"4":21,"5":21,"6":20,"7":1,"8":1,"9":0,"10":0,"11":2,"12":2,"13":2,"14":0,"15":0,"16":4,"17":4,"18":1,"19":3,"20":3,"21":1,"22":1,"23":0,"24":0,"25":3,"26":3,"27":1,"28":2,"29":2,"30":1,"31":1,"32":0,"33":0,"34":3,"35":3,"36":1,"37":2,"38":2,"39":1,"40":1,"41":0,"42":0,"43":2,"44":2,"45":2,"46":0,"47":0,"48":4,"49":4,"50":4,"51":0,"52":0,"53":2,"54":2,"55":0,"56":0,"57":2,"58":2,"59":2,"60":0,"61":0,"62":2,"63":2,"64":2,"65":0,"66":0,"67":1},"f":{"0":21,"1":2,"2":4,"3":3,"4":3,"5":2,"6":4,"7":2,"8":2,"9":2},"b":{"0":[1],"1":[1,1],"2":[1],"3":[1],"4":[1,1],"5":[1],"6":[1],"7":[1,1],"8":[1],"9":[1],"10":[1,1],"11":[2,0],"12":[2,0]}}
}
