TN:
SF:src\models\Book.ts
FN:26,(anonymous_6)
FNF:1
FNH:1
FNDA:21,(anonymous_6)
DA:1,1
DA:4,1
DA:27,21
DA:35,1
LF:4
LH:4
BRF:0
BRH:0
end_of_record
TN:
SF:src\service\bookService.ts
FN:8,(anonymous_1)
FN:23,(anonymous_2)
FN:35,(anonymous_3)
FN:52,(anonymous_4)
FN:78,(anonymous_5)
FN:95,(anonymous_6)
FN:105,(anonymous_7)
FN:122,(anonymous_8)
FN:131,(anonymous_9)
FN:141,(anonymous_10)
FNF:10
FNH:10
FNDA:21,(anonymous_1)
FNDA:2,(anonymous_2)
FNDA:4,(anonymous_3)
FNDA:3,(anonymous_4)
FNDA:3,(anonymous_5)
FNDA:2,(anonymous_6)
FNDA:4,(anonymous_7)
FNDA:2,(anonymous_8)
FNDA:2,(anonymous_9)
FNDA:2,(anonymous_10)
DA:2,1
DA:3,1
DA:5,1
DA:7,1
DA:9,21
DA:10,21
DA:11,21
DA:12,20
DA:14,1
DA:15,1
DA:17,0
DA:18,0
DA:24,2
DA:25,2
DA:28,2
DA:30,0
DA:31,0
DA:36,4
DA:37,4
DA:38,1
DA:41,3
DA:42,3
DA:44,1
DA:45,1
DA:47,0
DA:48,0
DA:53,3
DA:54,3
DA:55,1
DA:58,2
DA:68,2
DA:70,1
DA:71,1
DA:73,0
DA:74,0
DA:79,3
DA:80,3
DA:81,1
DA:84,2
DA:85,2
DA:87,1
DA:88,1
DA:90,0
DA:91,0
DA:96,2
DA:97,2
DA:98,2
DA:100,0
DA:101,0
DA:106,4
DA:107,4
DA:114,4
DA:116,0
DA:117,0
DA:123,2
DA:124,2
DA:126,0
DA:127,0
DA:132,2
DA:133,2
DA:134,2
DA:136,0
DA:137,0
DA:142,2
DA:143,2
DA:146,2
DA:148,0
DA:149,0
LF:68
LH:48
BRDA:14,0,0,1
BRDA:14,1,0,1
BRDA:14,1,1,1
BRDA:37,2,0,1
BRDA:44,3,0,1
BRDA:44,4,0,1
BRDA:44,4,1,1
BRDA:54,5,0,1
BRDA:70,6,0,1
BRDA:70,7,0,1
BRDA:70,7,1,1
BRDA:80,8,0,1
BRDA:87,9,0,1
BRDA:87,10,0,1
BRDA:87,10,1,1
BRDA:134,11,0,2
BRDA:134,11,1,0
BRDA:146,12,0,2
BRDA:146,12,1,0
BRF:19
BRH:17
end_of_record
